<?xml version="1.0" encoding="UTF-8"?>
<coverage generated="1743340524400" clover="3.2.0">
  <project timestamp="1743340524400" name="All files">
    <metrics statements="160" coveredstatements="125" conditionals="12" coveredconditionals="9" methods="8" coveredmethods="4" elements="180" coveredelements="138" complexity="0" loc="160" ncloc="160" packages="3" files="3" classes="3"/>
    <package name="controllers">
      <metrics statements="52" coveredstatements="22" conditionals="4" coveredconditionals="2" methods="3" coveredmethods="1"/>
      <file name="logController.ts" path="/workspace/log-summarizer/src/controllers/logController.ts">
        <metrics statements="52" coveredstatements="22" conditionals="4" coveredconditionals="2" methods="3" coveredmethods="1"/>
        <line num="1" count="1" type="stmt"/>
        <line num="2" count="1" type="stmt"/>
        <line num="3" count="1" type="stmt"/>
        <line num="4" count="1" type="stmt"/>
        <line num="5" count="1" type="cond" truecount="2" falsecount="0"/>
        <line num="6" count="226" type="stmt"/>
        <line num="7" count="226" type="stmt"/>
        <line num="8" count="226" type="stmt"/>
        <line num="9" count="226" type="cond" truecount="0" falsecount="1"/>
        <line num="10" count="0" type="stmt"/>
        <line num="11" count="0" type="stmt"/>
        <line num="12" count="0" type="stmt"/>
        <line num="13" count="226" type="stmt"/>
        <line num="14" count="226" type="stmt"/>
        <line num="15" count="226" type="stmt"/>
        <line num="16" count="226" type="cond" truecount="0" falsecount="1"/>
        <line num="17" count="0" type="stmt"/>
        <line num="18" count="0" type="stmt"/>
        <line num="19" count="0" type="stmt"/>
        <line num="20" count="0" type="stmt"/>
        <line num="21" count="0" type="stmt"/>
        <line num="22" count="226" type="stmt"/>
        <line num="23" count="1" type="stmt"/>
        <line num="24" count="1" type="stmt"/>
        <line num="25" count="1" type="stmt"/>
        <line num="26" count="0" type="stmt"/>
        <line num="27" count="0" type="stmt"/>
        <line num="28" count="0" type="stmt"/>
        <line num="29" count="0" type="stmt"/>
        <line num="30" count="0" type="stmt"/>
        <line num="31" count="0" type="stmt"/>
        <line num="32" count="0" type="stmt"/>
        <line num="33" count="0" type="stmt"/>
        <line num="34" count="1" type="stmt"/>
        <line num="35" count="1" type="stmt"/>
        <line num="36" count="1" type="stmt"/>
        <line num="37" count="1" type="stmt"/>
        <line num="38" count="0" type="stmt"/>
        <line num="39" count="0" type="stmt"/>
        <line num="40" count="0" type="stmt"/>
        <line num="41" count="0" type="stmt"/>
        <line num="42" count="0" type="stmt"/>
        <line num="43" count="0" type="stmt"/>
        <line num="44" count="0" type="stmt"/>
        <line num="45" count="0" type="stmt"/>
        <line num="46" count="0" type="stmt"/>
        <line num="47" count="0" type="stmt"/>
        <line num="48" count="0" type="stmt"/>
        <line num="49" count="0" type="stmt"/>
        <line num="50" count="0" type="stmt"/>
        <line num="51" count="0" type="stmt"/>
        <line num="52" count="1" type="stmt"/>
      </file>
    </package>
    <package name="routes">
      <metrics statements="16" coveredstatements="16" conditionals="0" coveredconditionals="0" methods="0" coveredmethods="0"/>
      <file name="logRoutes.ts" path="/workspace/log-summarizer/src/routes/logRoutes.ts">
        <metrics statements="16" coveredstatements="16" conditionals="0" coveredconditionals="0" methods="0" coveredmethods="0"/>
        <line num="1" count="1" type="stmt"/>
        <line num="2" count="1" type="stmt"/>
        <line num="3" count="1" type="stmt"/>
        <line num="4" count="1" type="stmt"/>
        <line num="5" count="1" type="stmt"/>
        <line num="6" count="1" type="stmt"/>
        <line num="7" count="1" type="stmt"/>
        <line num="8" count="1" type="stmt"/>
        <line num="9" count="1" type="stmt"/>
        <line num="10" count="1" type="stmt"/>
        <line num="11" count="1" type="stmt"/>
        <line num="12" count="1" type="stmt"/>
        <line num="13" count="1" type="stmt"/>
        <line num="14" count="1" type="stmt"/>
        <line num="15" count="1" type="stmt"/>
        <line num="16" count="1" type="stmt"/>
      </file>
    </package>
    <package name="services">
      <metrics statements="92" coveredstatements="87" conditionals="8" coveredconditionals="7" methods="5" coveredmethods="3"/>
      <file name="logService.ts" path="/workspace/log-summarizer/src/services/logService.ts">
        <metrics statements="92" coveredstatements="87" conditionals="8" coveredconditionals="7" methods="5" coveredmethods="3"/>
        <line num="1" count="1" type="stmt"/>
        <line num="2" count="1" type="stmt"/>
        <line num="3" count="1" type="stmt"/>
        <line num="4" count="1" type="stmt"/>
        <line num="5" count="1" type="stmt"/>
        <line num="6" count="1" type="stmt"/>
        <line num="7" count="1" type="stmt"/>
        <line num="8" count="51" type="cond" truecount="1" falsecount="0"/>
        <line num="9" count="51" type="stmt"/>
        <line num="10" count="51" type="cond" truecount="1" falsecount="0"/>
        <line num="11" count="255" type="stmt"/>
        <line num="12" count="255" type="stmt"/>
        <line num="13" count="255" type="stmt"/>
        <line num="14" count="51" type="stmt"/>
        <line num="15" count="51" type="stmt"/>
        <line num="16" count="51" type="stmt"/>
        <line num="17" count="51" type="stmt"/>
        <line num="18" count="1" type="stmt"/>
        <line num="19" count="1" type="stmt"/>
        <line num="20" count="277" type="cond" truecount="1" falsecount="0"/>
        <line num="21" count="277" type="stmt"/>
        <line num="22" count="277" type="stmt"/>
        <line num="23" count="277" type="cond" truecount="1" falsecount="0"/>
        <line num="24" count="51" type="stmt"/>
        <line num="25" count="51" type="stmt"/>
        <line num="26" count="51" type="cond" truecount="1" falsecount="0"/>
        <line num="27" count="51" type="stmt"/>
        <line num="28" count="51" type="stmt"/>
        <line num="29" count="51" type="stmt"/>
        <line num="30" count="51" type="stmt"/>
        <line num="31" count="51" type="stmt"/>
        <line num="32" count="51" type="stmt"/>
        <line num="33" count="51" type="stmt"/>
        <line num="34" count="51" type="stmt"/>
        <line num="35" count="51" type="stmt"/>
        <line num="36" count="51" type="stmt"/>
        <line num="37" count="51" type="stmt"/>
        <line num="38" count="51" type="stmt"/>
        <line num="39" count="51" type="stmt"/>
        <line num="40" count="51" type="stmt"/>
        <line num="41" count="51" type="stmt"/>
        <line num="42" count="51" type="stmt"/>
        <line num="43" count="51" type="stmt"/>
        <line num="44" count="51" type="stmt"/>
        <line num="45" count="51" type="stmt"/>
        <line num="46" count="51" type="stmt"/>
        <line num="47" count="51" type="stmt"/>
        <line num="48" count="51" type="stmt"/>
        <line num="49" count="51" type="stmt"/>
        <line num="50" count="51" type="stmt"/>
        <line num="51" count="51" type="stmt"/>
        <line num="52" count="51" type="stmt"/>
        <line num="53" count="51" type="stmt"/>
        <line num="54" count="51" type="stmt"/>
        <line num="55" count="277" type="stmt"/>
        <line num="56" count="1" type="stmt"/>
        <line num="57" count="1" type="stmt"/>
        <line num="58" count="1" type="cond" truecount="2" falsecount="0"/>
        <line num="59" count="226" type="cond" truecount="0" falsecount="1"/>
        <line num="60" count="0" type="stmt"/>
        <line num="61" count="0" type="stmt"/>
        <line num="62" count="226" type="stmt"/>
        <line num="63" count="226" type="stmt"/>
        <line num="64" count="226" type="stmt"/>
        <line num="65" count="226" type="stmt"/>
        <line num="66" count="226" type="stmt"/>
        <line num="67" count="226" type="stmt"/>
        <line num="68" count="226" type="stmt"/>
        <line num="69" count="226" type="stmt"/>
        <line num="70" count="226" type="stmt"/>
        <line num="71" count="226" type="stmt"/>
        <line num="72" count="226" type="stmt"/>
        <line num="73" count="226" type="stmt"/>
        <line num="74" count="226" type="stmt"/>
        <line num="75" count="226" type="stmt"/>
        <line num="76" count="226" type="stmt"/>
        <line num="77" count="226" type="stmt"/>
        <line num="78" count="226" type="stmt"/>
        <line num="79" count="226" type="stmt"/>
        <line num="80" count="226" type="stmt"/>
        <line num="81" count="226" type="stmt"/>
        <line num="82" count="1" type="stmt"/>
        <line num="83" count="1" type="stmt"/>
        <line num="84" count="1" type="stmt"/>
        <line num="85" count="0" type="stmt"/>
        <line num="86" count="1" type="stmt"/>
        <line num="87" count="1" type="stmt"/>
        <line num="88" count="1" type="stmt"/>
        <line num="89" count="1" type="stmt"/>
        <line num="90" count="0" type="stmt"/>
        <line num="91" count="0" type="stmt"/>
        <line num="92" count="1" type="stmt"/>
      </file>
    </package>
  </project>
</coverage>
