TN:
SF:src/controllers/logController.ts
FN:5,addLog
FN:25,getAllNodes
FN:37,getNodeById
FNF:3
FNH:1
FNDA:226,addLog
FNDA:0,getAllNodes
FNDA:0,getNodeById
DA:1,1
DA:2,1
DA:3,1
DA:4,1
DA:5,1
DA:6,226
DA:7,226
DA:8,226
DA:9,226
DA:10,0
DA:11,0
DA:12,0
DA:13,226
DA:14,226
DA:15,226
DA:16,226
DA:17,0
DA:18,0
DA:19,0
DA:20,0
DA:21,0
DA:22,226
DA:23,1
DA:24,1
DA:25,1
DA:26,0
DA:27,0
DA:28,0
DA:29,0
DA:30,0
DA:31,0
DA:32,0
DA:33,0
DA:34,1
DA:35,1
DA:36,1
DA:37,1
DA:38,0
DA:39,0
DA:40,0
DA:41,0
DA:42,0
DA:43,0
DA:44,0
DA:45,0
DA:46,0
DA:47,0
DA:48,0
DA:49,0
DA:50,0
DA:51,0
DA:52,1
LF:52
LH:22
BRDA:5,0,0,226
BRDA:5,1,0,226
BRDA:9,2,0,0
BRDA:16,3,0,0
BRF:4
BRH:2
end_of_record
TN:
SF:src/routes/logRoutes.ts
FNF:0
FNH:0
DA:1,1
DA:2,1
DA:3,1
DA:4,1
DA:5,1
DA:6,1
DA:7,1
DA:8,1
DA:9,1
DA:10,1
DA:11,1
DA:12,1
DA:13,1
DA:14,1
DA:15,1
DA:16,1
LF:16
LH:16
BRF:0
BRH:0
end_of_record
TN:
SF:src/services/logService.ts
FN:8,generatePseudoSummary
FN:20,checkAndSummarize
FN:58,addLog
FN:84,getAllNodes
FN:89,getNodeById
FNF:5
FNH:3
FNDA:51,generatePseudoSummary
FNDA:277,checkAndSummarize
FNDA:226,addLog
FNDA:0,getAllNodes
FNDA:0,getNodeById
DA:1,1
DA:2,1
DA:3,1
DA:4,1
DA:5,1
DA:6,1
DA:7,1
DA:8,51
DA:9,51
DA:10,51
DA:11,255
DA:12,255
DA:13,255
DA:14,51
DA:15,51
DA:16,51
DA:17,51
DA:18,1
DA:19,1
DA:20,277
DA:21,277
DA:22,277
DA:23,277
DA:24,51
DA:25,51
DA:26,51
DA:27,51
DA:28,51
DA:29,51
DA:30,51
DA:31,51
DA:32,51
DA:33,51
DA:34,51
DA:35,51
DA:36,51
DA:37,51
DA:38,51
DA:39,51
DA:40,51
DA:41,51
DA:42,51
DA:43,51
DA:44,51
DA:45,51
DA:46,51
DA:47,51
DA:48,51
DA:49,51
DA:50,51
DA:51,51
DA:52,51
DA:53,51
DA:54,51
DA:55,277
DA:56,1
DA:57,1
DA:58,1
DA:59,226
DA:60,0
DA:61,0
DA:62,226
DA:63,226
DA:64,226
DA:65,226
DA:66,226
DA:67,226
DA:68,226
DA:69,226
DA:70,226
DA:71,226
DA:72,226
DA:73,226
DA:74,226
DA:75,226
DA:76,226
DA:77,226
DA:78,226
DA:79,226
DA:80,226
DA:81,226
DA:82,1
DA:83,1
DA:84,1
DA:85,0
DA:86,1
DA:87,1
DA:88,1
DA:89,1
DA:90,0
DA:91,0
DA:92,1
LF:92
LH:87
BRDA:8,0,0,51
BRDA:10,1,0,255
BRDA:20,2,0,277
BRDA:23,3,0,51
BRDA:26,4,0,255
BRDA:58,5,0,226
BRDA:58,6,0,226
BRDA:59,7,0,0
BRF:8
BRH:7
end_of_record
